[2025-10-29 16:01:45.445]  INFO 1248 --- [  restartedMain] c.o.a.AttendanceApplication              : Starting AttendanceApplication using Java 11.0.15 on DESKTOP-ITE888U with PID 1248 (C:\dev\attendance\build\classes\java\main started by DMTEK in C:\dev\attendance)
[2025-10-29 16:01:45.454]  INFO 1248 --- [  restartedMain] c.o.a.AttendanceApplication              : The following 1 profile is active: "test"
[2025-10-29 16:01:45.478]  INFO 1248 --- [  restartedMain] .e.DevToolsPropertyDefaultsPostProcessor : Devtools property defaults active! Set 'spring.devtools.add-properties' to 'false' to disable
[2025-10-29 16:01:45.478]  INFO 1248 --- [  restartedMain] .e.DevToolsPropertyDefaultsPostProcessor : For additional web related logging consider setting the 'logging.level.web' property to 'DEBUG'
[2025-10-29 16:01:45.852]  INFO 1248 --- [  restartedMain] .s.d.r.c.RepositoryConfigurationDelegate : Bootstrapping Spring Data JDBC repositories in DEFAULT mode.
[2025-10-29 16:01:45.861]  INFO 1248 --- [  restartedMain] .s.d.r.c.RepositoryConfigurationDelegate : Finished Spring Data repository scanning in 7 ms. Found 0 JDBC repository interfaces.
[2025-10-29 16:01:46.046]  INFO 1248 --- [  restartedMain] trationDelegate$BeanPostProcessorChecker : Bean 'securityConfig' of type [com.of.attendLeave.infra.config.SecurityConfig$$EnhancerBySpringCGLIB$$fd24bcba] is not eligible for getting processed by all BeanPostProcessors (for example: not eligible for auto-proxying)
[2025-10-29 16:01:46.056]  INFO 1248 --- [  restartedMain] trationDelegate$BeanPostProcessorChecker : Bean 'roleHierarchy' of type [org.springframework.security.access.hierarchicalroles.RoleHierarchyImpl] is not eligible for getting processed by all BeanPostProcessors (for example: not eligible for auto-proxying)
[2025-10-29 16:01:46.059]  INFO 1248 --- [  restartedMain] trationDelegate$BeanPostProcessorChecker : Bean 'methodSecurityExpressionHandler' of type [org.springframework.security.access.expression.method.DefaultMethodSecurityExpressionHandler] is not eligible for getting processed by all BeanPostProcessors (for example: not eligible for auto-proxying)
[2025-10-29 16:01:46.208]  INFO 1248 --- [  restartedMain] o.s.b.w.e.t.TomcatWebServer              : Tomcat initialized with port(s): 8092 (http)
[2025-10-29 16:01:46.212]  INFO 1248 --- [  restartedMain] o.a.c.h.Http11NioProtocol                : Initializing ProtocolHandler ["http-nio-8092"]
[2025-10-29 16:01:46.213]  INFO 1248 --- [  restartedMain] o.a.c.c.StandardService                  : Starting service [Tomcat]
[2025-10-29 16:01:46.213]  INFO 1248 --- [  restartedMain] o.a.c.c.StandardEngine                   : Starting Servlet engine: [Apache Tomcat/9.0.83]
[2025-10-29 16:01:46.260]  INFO 1248 --- [  restartedMain] o.a.c.c.C.[.[.[/]                        : Initializing Spring embedded WebApplicationContext
[2025-10-29 16:01:46.260]  INFO 1248 --- [  restartedMain] w.s.c.ServletWebServerApplicationContext : Root WebApplicationContext: initialization completed in 779 ms
[2025-10-29 16:01:46.505]  WARN 1248 --- [  restartedMain] .s.s.UserDetailsServiceAutoConfiguration : 

Using generated security password: b9986ccb-64f0-43e0-b5c9-3ef1f8262f8b

This generated password is for development use only. Your security configuration must be updated before running your application in production.

[2025-10-29 16:01:46.689]  INFO 1248 --- [  restartedMain] o.s.s.w.DefaultSecurityFilterChain       : Will secure any request with [org.springframework.security.web.session.DisableEncodeUrlFilter@54835c3e, org.springframework.security.web.context.request.async.WebAsyncManagerIntegrationFilter@943eef8, org.springframework.security.web.context.SecurityContextPersistenceFilter@202b5b3d, org.springframework.security.web.header.HeaderWriterFilter@13716fb8, org.springframework.web.filter.CorsFilter@2f78a1c0, org.springframework.security.web.authentication.logout.LogoutFilter@63047ee9, com.of.attendLeave.infra.config.SecurityConfig$1@759ce2dc, org.springframework.security.web.savedrequest.RequestCacheAwareFilter@58097e5a, org.springframework.security.web.servletapi.SecurityContextHolderAwareRequestFilter@6368058a, org.springframework.security.web.authentication.AnonymousAuthenticationFilter@7ef9dd2a, org.springframework.security.web.session.SessionManagementFilter@6a07e3f1, org.springframework.security.web.access.ExceptionTranslationFilter@6f205395, org.springframework.security.web.access.intercept.AuthorizationFilter@69141c40]
[2025-10-29 16:01:46.778]  INFO 1248 --- [  restartedMain] c.z.h.HikariDataSource                   : HikariPool-1 - Starting...
[2025-10-29 16:01:46.871]  INFO 1248 --- [  restartedMain] c.z.h.HikariDataSource                   : HikariPool-1 - Start completed.
[2025-10-29 16:01:46.937]  WARN 1248 --- [  restartedMain] o.s.s.c.a.w.b.WebSecurity                : You are asking Spring Security to ignore org.springframework.boot.autoconfigure.security.servlet.StaticResourceRequest$StaticResourceRequestMatcher@7e85f50e. This is not recommended -- please use permitAll via HttpSecurity#authorizeHttpRequests instead.
[2025-10-29 16:01:46.937]  INFO 1248 --- [  restartedMain] o.s.s.w.DefaultSecurityFilterChain       : Will not secure org.springframework.boot.autoconfigure.security.servlet.StaticResourceRequest$StaticResourceRequestMatcher@7e85f50e
[2025-10-29 16:01:46.967]  INFO 1248 --- [  restartedMain] o.s.b.d.a.OptionalLiveReloadServer       : LiveReload server is running on port 35729
[2025-10-29 16:01:46.976]  INFO 1248 --- [  restartedMain] o.a.c.h.Http11NioProtocol                : Starting ProtocolHandler ["http-nio-8092"]
[2025-10-29 16:01:46.989]  INFO 1248 --- [  restartedMain] o.s.b.w.e.t.TomcatWebServer              : Tomcat started on port(s): 8092 (http) with context path ''
[2025-10-29 16:01:46.999]  INFO 1248 --- [  restartedMain] c.o.a.AttendanceApplication              : Started AttendanceApplication in 1.812 seconds (JVM running for 2.946)
[2025-10-29 16:24:48.269]  INFO 1248 --- [   File Watcher] rtingClassPathChangeChangedEventListener : Restarting due to 11 class path changes (0 additions, 0 deletions, 11 modifications)
[2025-10-29 16:24:48.611]  INFO 1248 --- [       Thread-5] o.a.c.h.Http11NioProtocol                : Pausing ProtocolHandler ["http-nio-8092"]
[2025-10-29 16:24:48.611]  INFO 1248 --- [       Thread-5] o.a.c.c.StandardService                  : Stopping service [Tomcat]
[2025-10-29 16:24:48.615]  INFO 1248 --- [       Thread-5] o.a.c.h.Http11NioProtocol                : Stopping ProtocolHandler ["http-nio-8092"]
[2025-10-29 16:24:48.620]  INFO 1248 --- [       Thread-5] o.a.c.h.Http11NioProtocol                : Destroying ProtocolHandler ["http-nio-8092"]
[2025-10-29 16:24:48.623]  INFO 1248 --- [       Thread-5] c.z.h.HikariDataSource                   : HikariPool-1 - Shutdown initiated...
[2025-10-29 16:24:48.702]  INFO 1248 --- [       Thread-5] c.z.h.HikariDataSource                   : HikariPool-1 - Shutdown completed.
